<?xml version="1.0" encoding="UTF-8"?>
<!-- Generated by org.testng.reporters.JUnitReportReporter -->
<testsuite hostname="DESKTOP-BBHDR71" failures="0" tests="1" name="Selenium.Tests.MockTests" time="0.229" errors="0" timestamp="2023-12-05T10:51:14 IST" skipped="0">
  <testcase classname="Selenium.Tests.MockTests" name="verifyFirstSection" time="0.229"/>
  <system-out/>
</testsuite> <!-- Selenium.Tests.MockTests -->
